<?xml version="1.0" encoding="UTF-8"?>
<testng-results skipped="0" failed="0" ignored="0" total="1" passed="1">
  <reporter-output>
    <line>
      <![CDATA[<font color='grey'>Start of base purchase cancellation - please make sure NO card is placed behind the device!</font>]]>
    </line>
    <line>
      <![CDATA[<font color='grey'>App launched and awaiting for login.</font>]]>
    </line>
    <line>
      <![CDATA[<font color='grey'>User Authentication performed.</font>]]>
    </line>
    <line>
      <![CDATA[<font color='grey'>User Authentication performed.</font>]]>
    </line>
    <line>
      <![CDATA[Current page is equal to Purchase, <font color='green'>test passed</font>.]]>
    </line>
    <line>
      <![CDATA[<font color='blue'>Test Case: TS_5 completed.</font>]]>
    </line>
    <line>
      <![CDATA[-----------------------------------<br>]]>
    </line>
    <line>
      <![CDATA[<font color='grey'>Start of base purchase cancellation - please make sure NO card is placed behind the device!</font>]]>
    </line>
    <line>
      <![CDATA[<font color='grey'>This case assumes the app starts from the Purchase page.</font>]]>
    </line>
    <line>
      <![CDATA[<font color='grey'>User Authentication performed.</font>]]>
    </line>
    <line>
      <![CDATA[<font color='grey'>User Authentication performed.</font>]]>
    </line>
    <line>
      <![CDATA[Current page is equal to Purchase, <font color='green'>test passed</font>.]]>
    </line>
    <line>
      <![CDATA[<font color='blue'>Test Case: TS_6 completed.</font>]]>
    </line>
    <line>
      <![CDATA[-----------------------------------<br>]]>
    </line>
  </reporter-output>
  <suite name="Default suite" duration-ms="118298" started-at="2019-01-09T14:58:14Z" finished-at="2019-01-09T15:00:13Z">
    <groups>
    </groups>
    <test name="Default test" duration-ms="118298" started-at="2019-01-09T14:58:14Z" finished-at="2019-01-09T15:00:13Z">
      <class name="AutomationMain">
        <test-method status="PASS" signature="beforeTest()[pri:0, instance:AutomationMain@19d1a19]" name="beforeTest" is-config="true" duration-ms="18379" started-at="2019-01-09T14:58:14Z" finished-at="2019-01-09T14:58:33Z">
          <reporter-output>
          </reporter-output>
        </test-method> <!-- beforeTest -->
        <test-method status="PASS" signature="appTesting()[pri:0, instance:AutomationMain@19d1a19]" name="appTesting" duration-ms="99905" started-at="2019-01-09T14:58:33Z" finished-at="2019-01-09T15:00:13Z">
          <reporter-output>
            <line>
              <![CDATA[<font color='grey'>Start of base purchase cancellation - please make sure NO card is placed behind the device!</font>]]>
            </line>
            <line>
              <![CDATA[<font color='grey'>App launched and awaiting for login.</font>]]>
            </line>
            <line>
              <![CDATA[<font color='grey'>User Authentication performed.</font>]]>
            </line>
            <line>
              <![CDATA[<font color='grey'>User Authentication performed.</font>]]>
            </line>
            <line>
              <![CDATA[Current page is equal to Purchase, <font color='green'>test passed</font>.]]>
            </line>
            <line>
              <![CDATA[<font color='blue'>Test Case: TS_5 completed.</font>]]>
            </line>
            <line>
              <![CDATA[-----------------------------------<br>]]>
            </line>
            <line>
              <![CDATA[<font color='grey'>Start of base purchase cancellation - please make sure NO card is placed behind the device!</font>]]>
            </line>
            <line>
              <![CDATA[<font color='grey'>This case assumes the app starts from the Purchase page.</font>]]>
            </line>
            <line>
              <![CDATA[<font color='grey'>User Authentication performed.</font>]]>
            </line>
            <line>
              <![CDATA[<font color='grey'>User Authentication performed.</font>]]>
            </line>
            <line>
              <![CDATA[Current page is equal to Purchase, <font color='green'>test passed</font>.]]>
            </line>
            <line>
              <![CDATA[<font color='blue'>Test Case: TS_6 completed.</font>]]>
            </line>
            <line>
              <![CDATA[-----------------------------------<br>]]>
            </line>
          </reporter-output>
        </test-method> <!-- appTesting -->
        <test-method status="PASS" signature="afterTest()[pri:0, instance:AutomationMain@19d1a19]" name="afterTest" is-config="true" duration-ms="0" started-at="2019-01-09T15:00:13Z" finished-at="2019-01-09T15:00:13Z">
          <reporter-output>
          </reporter-output>
        </test-method> <!-- afterTest -->
      </class> <!-- AutomationMain -->
    </test> <!-- Default test -->
  </suite> <!-- Default suite -->
</testng-results>
